<?xml version="1.0" encoding="UTF-8"?>
<coverage generated="1658958499823" clover="3.2.0">
  <project timestamp="1658958499823" name="All files">
    <metrics statements="14" coveredstatements="12" conditionals="0" coveredconditionals="0" methods="2" coveredmethods="1" elements="16" coveredelements="13" complexity="0" loc="14" ncloc="14" packages="1" files="1" classes="1">
      <file name="user.js" path="C:\Users\saman\Documents\Node\vidly-demo\models\user.js">
        <metrics statements="14" coveredstatements="12" conditionals="0" coveredconditionals="0" methods="2" coveredmethods="1"/>
        <line num="1" count="1" type="stmt"/>
        <line num="2" count="1" type="stmt"/>
        <line num="3" count="1" type="stmt"/>
        <line num="4" count="1" type="stmt"/>
        <line num="7" count="1" type="stmt"/>
        <line num="34" count="1" type="stmt"/>
        <line num="35" count="1" type="stmt"/>
        <line num="38" count="1" type="stmt"/>
        <line num="41" count="1" type="stmt"/>
        <line num="46" count="0" type="stmt"/>
        <line num="51" count="0" type="stmt"/>
        <line num="54" count="1" type="stmt"/>
        <line num="55" count="1" type="stmt"/>
        <line num="56" count="1" type="stmt"/>
      </file>
    </metrics>
  </project>
</coverage>
