{"C:\\Users\\saman\\Documents\\Node\\vidly-demo\\models\\user.js": {"path":"C:\\Users\\saman\\Documents\\Node\\vidly-demo\\models\\user.js","statementMap":{"0":{"start":{"line":1,"column":17},"end":{"line":1,"column":36}},"1":{"start":{"line":2,"column":12},"end":{"line":2,"column":26}},"2":{"start":{"line":3,"column":15},"end":{"line":3,"column":32}},"3":{"start":{"line":4,"column":12},"end":{"line":4,"column":35}},"4":{"start":{"line":7,"column":19},"end":{"line":28,"column":2}},"5":{"start":{"line":34,"column":0},"end":{"line":39,"column":1}},"6":{"start":{"line":35,"column":18},"end":{"line":35,"column":97}},"7":{"start":{"line":38,"column":4},"end":{"line":38,"column":17}},"8":{"start":{"line":41,"column":13},"end":{"line":41,"column":47}},"9":{"start":{"line":46,"column":22},"end":{"line":50,"column":6}},"10":{"start":{"line":51,"column":4},"end":{"line":51,"column":36}},"11":{"start":{"line":54,"column":0},"end":{"line":54,"column":32}},"12":{"start":{"line":55,"column":0},"end":{"line":55,"column":20}},"13":{"start":{"line":56,"column":0},"end":{"line":56,"column":32}}},"fnMap":{"0":{"name":"(anonymous_0)","decl":{"start":{"line":34,"column":39},"end":{"line":34,"column":40}},"loc":{"start":{"line":34,"column":51},"end":{"line":39,"column":1}},"line":34},"1":{"name":"validateUser","decl":{"start":{"line":45,"column":9},"end":{"line":45,"column":21}},"loc":{"start":{"line":45,"column":28},"end":{"line":53,"column":1}},"line":45}},"branchMap":{},"s":{"0":1,"1":1,"2":1,"3":1,"4":1,"5":1,"6":1,"7":1,"8":1,"9":0,"10":0,"11":1,"12":1,"13":1},"f":{"0":1,"1":0},"b":{},"_coverageSchema":"332fd63041d2c1bcb487cc26dd0d5f7d97098a6c","hash":"2d27d450f0a7a748f511b9028eba9c581aff1703"}
}
